<?xml version="1.0" encoding="UTF-8"?>
<testsuite name="login.ServiceTest" tests="4" skipped="0" failures="0" errors="0" timestamp="2023-03-28T19:01:49" hostname="debian" time="0.018">
  <properties/>
  <testcase name="login_userRegistered_authenticatedUserTrue()" classname="login.ServiceTest" time="0.014"/>
  <testcase name="existeUsuario_userExists_true()" classname="login.ServiceTest" time="0.001"/>
  <testcase name="login_noUserRegistered_authenticatedUserFalse()" classname="login.ServiceTest" time="0.002"/>
  <testcase name="existeUsuario_noUserExists_false()" classname="login.ServiceTest" time="0.001"/>
  <system-out><![CDATA[Credenciales incorrectas
]]></system-out>
  <system-err><![CDATA[]]></system-err>
</testsuite>
