<?xml version="1.0" encoding="UTF-8"?>
<testsuite name="cart.CartTest" tests="1" skipped="0" failures="0" errors="0" timestamp="2023-03-29T18:10:01" hostname="debian" time="0.024">
  <properties/>
  <testcase name="increaseQuantity_incrementByOne_quantityIncreasedOne()" classname="cart.CartTest" time="0.024"/>
  <system-out><![CDATA[]]></system-out>
  <system-err><![CDATA[]]></system-err>
</testsuite>
