<?xml version="1.0" encoding="UTF-8"?>
<testsuite name="login.ServiceTest" tests="1" skipped="0" failures="0" errors="0" timestamp="2023-03-22T22:33:54" hostname="debian" time="0.226">
  <properties/>
  <testcase name="login_userRegistered_authenticatedUserTrue()" classname="login.ServiceTest" time="0.226"/>
  <system-out><![CDATA[]]></system-out>
  <system-err><![CDATA[]]></system-err>
</testsuite>
