<?xml version="1.0" encoding="UTF-8"?>
<testsuite name="cart.CartTest" tests="7" skipped="0" failures="0" errors="0" timestamp="2023-03-30T03:54:10" hostname="DESKTOP-3QKN386" time="0.083">
  <properties/>
  <testcase name="increaseQuantity_incrementByFive_quantityIncreasedFive()" classname="cart.CartTest" time="0.058"/>
  <testcase name="updateItem_itemExists_itemUpdated()" classname="cart.CartTest" time="0.001"/>
  <testcase name="decreaseQuantity_decreaseByOne_quantityDecreasedOne()" classname="cart.CartTest" time="0.001"/>
  <testcase name="findItem_noExistsItem_returnsNull()" classname="cart.CartTest" time="0.014"/>
  <testcase name="addItem_oneItemAdded_oneItemSize()" classname="cart.CartTest" time="0.001"/>
  <testcase name="calcTotal_addFiveItems_getCostFiveItems()" classname="cart.CartTest" time="0.002"/>
  <testcase name="findItem_existsItem_returnsItem()" classname="cart.CartTest" time="0.002"/>
  <system-out><![CDATA[]]></system-out>
  <system-err><![CDATA[]]></system-err>
</testsuite>
