<?xml version="1.0" encoding="UTF-8"?>
<testsuite name="cart.CartTest" tests="1" skipped="0" failures="0" errors="0" timestamp="2023-03-29T16:54:42" hostname="debian" time="0.03">
  <properties/>
  <testcase name="findItem_existsItem_returnsItem()" classname="cart.CartTest" time="0.03"/>
  <system-out><![CDATA[]]></system-out>
  <system-err><![CDATA[]]></system-err>
</testsuite>
