<?xml version="1.0" encoding="UTF-8"?>
<testsuite name="cart.CartTest" tests="1" skipped="0" failures="0" errors="0" timestamp="2023-03-26T23:53:02" hostname="debian" time="0.205">
  <properties/>
  <testcase name="updateItem_itemExists_itemUpdated()" classname="cart.CartTest" time="0.205"/>
  <system-out><![CDATA[]]></system-out>
  <system-err><![CDATA[]]></system-err>
</testsuite>
