<?xml version="1.0" encoding="UTF-8"?>
<testsuite name="login.ServiceTest" tests="1" skipped="0" failures="0" errors="0" timestamp="2023-03-22T21:29:59" hostname="debian" time="0.082">
  <properties/>
  <testcase name="login_noUserRegistered_authenticatedUserFalse()" classname="login.ServiceTest" time="0.082"/>
  <system-out><![CDATA[Credenciales incorrectas
]]></system-out>
  <system-err><![CDATA[]]></system-err>
</testsuite>
