<?xml version="1.0" encoding="UTF-8"?>
<testsuite name="login.ServiceTest" tests="1" skipped="0" failures="0" errors="0" timestamp="2023-03-22T21:46:54" hostname="debian" time="0.107">
  <properties/>
  <testcase name="existeUsuario_noUserExists_false()" classname="login.ServiceTest" time="0.107"/>
  <system-out><![CDATA[]]></system-out>
  <system-err><![CDATA[]]></system-err>
</testsuite>
